13:29:32.615  [main] INFO  com.enchanted.subject.SubjectApplication - Starting SubjectApplication using Java 1.8.0_302 on EnchanteddeMacBook-Pro.local with PID 16235 (/Users/enchanted/Enchanted/CodeRepository/Project/Project-Java/Enchanted-Club/Enchanted-Club/Enchanted-Club-subject/Enchanted-Club-subject-starter/target/classes started by enchanted in /Users/enchanted/Enchanted/CodeRepository/Project/Project-Java/Enchanted-Club/Enchanted-Club)
13:29:32.623  [main] INFO  com.enchanted.subject.SubjectApplication - No active profile set, falling back to default profiles: default
13:29:33.684  [main] INFO  org.springframework.boot.web.embedded.tomcat.TomcatWebServer - Tomcat initialized with port(s): 3000 (http)
13:29:33.690  [main] INFO  org.apache.coyote.http11.Http11NioProtocol - Initializing ProtocolHandler ["http-nio-3000"]
13:29:33.691  [main] INFO  org.apache.catalina.core.StandardService - Starting service [Tomcat]
13:29:33.691  [main] INFO  org.apache.catalina.core.StandardEngine - Starting Servlet engine: [Apache Tomcat/9.0.41]
13:29:33.734  [main] INFO  org.apache.catalina.core.ContainerBase.[Tomcat].[localhost].[/] - Initializing Spring embedded WebApplicationContext
13:29:33.734  [main] INFO  org.springframework.boot.web.servlet.context.ServletWebServerApplicationContext - Root WebApplicationContext: initialization completed in 995 ms
13:29:33.835  [main] INFO  com.alibaba.druid.spring.boot.autoconfigure.DruidDataSourceAutoConfigure - Init DruidDataSource
13:29:36.839  [main] INFO  com.alibaba.druid.pool.DruidDataSource - {dataSource-1} inited
13:29:37.208  [main] INFO  org.springframework.scheduling.concurrent.ThreadPoolTaskExecutor - Initializing ExecutorService 'applicationTaskExecutor'
13:29:37.428  [main] INFO  org.springframework.boot.web.embedded.tomcat.TomcatWebServer - Tomcat started on port(s): 3000 (http) with context path ''
13:29:37.440  [main] INFO  com.enchanted.subject.SubjectApplication - Started SubjectApplication in 5.286 seconds (JVM running for 5.934)
13:29:38.720  [SpringContextShutdownHook] INFO  org.springframework.scheduling.concurrent.ThreadPoolTaskExecutor - Shutting down ExecutorService 'applicationTaskExecutor'
13:29:38.721  [SpringContextShutdownHook] INFO  com.alibaba.druid.pool.DruidDataSource - {dataSource-1} closing ...
13:29:38.749  [SpringContextShutdownHook] INFO  com.alibaba.druid.pool.DruidDataSource - {dataSource-1} closed
14:21:07.824  [main] INFO  com.enchanted.subject.SubjectApplication - Starting SubjectApplication using Java 1.8.0_302 on EnchanteddeMacBook-Pro.local with PID 19717 (/Users/enchanted/Enchanted/CodeRepository/Project/Project-Java/Enchanted-Club/Enchanted-Club/Enchanted-Club-subject/Enchanted-Club-subject-starter/target/classes started by enchanted in /Users/enchanted/Enchanted/CodeRepository/Project/Project-Java/Enchanted-Club/Enchanted-Club)
14:21:07.890  [main] INFO  com.enchanted.subject.SubjectApplication - No active profile set, falling back to default profiles: default
14:21:08.960  [main] INFO  org.springframework.boot.web.embedded.tomcat.TomcatWebServer - Tomcat initialized with port(s): 3000 (http)
14:21:08.966  [main] INFO  org.apache.coyote.http11.Http11NioProtocol - Initializing ProtocolHandler ["http-nio-3000"]
14:21:08.966  [main] INFO  org.apache.catalina.core.StandardService - Starting service [Tomcat]
14:21:08.967  [main] INFO  org.apache.catalina.core.StandardEngine - Starting Servlet engine: [Apache Tomcat/9.0.41]
14:21:09.020  [main] INFO  org.apache.catalina.core.ContainerBase.[Tomcat].[localhost].[/] - Initializing Spring embedded WebApplicationContext
14:21:09.020  [main] INFO  org.springframework.boot.web.servlet.context.ServletWebServerApplicationContext - Root WebApplicationContext: initialization completed in 1075 ms
14:21:09.128  [main] INFO  com.alibaba.druid.spring.boot.autoconfigure.DruidDataSourceAutoConfigure - Init DruidDataSource
14:21:13.695  [main] INFO  com.alibaba.druid.pool.DruidDataSource - {dataSource-1} inited
14:21:14.207  [main] INFO  org.springframework.scheduling.concurrent.ThreadPoolTaskExecutor - Initializing ExecutorService 'applicationTaskExecutor'
14:21:14.468  [main] INFO  org.apache.coyote.http11.Http11NioProtocol - Starting ProtocolHandler ["http-nio-3000"]
14:21:14.487  [main] INFO  org.springframework.boot.web.embedded.tomcat.TomcatWebServer - Tomcat started on port(s): 3000 (http) with context path ''
14:21:14.500  [main] INFO  com.enchanted.subject.SubjectApplication - Started SubjectApplication in 7.211 seconds (JVM running for 8.088)
15:58:44.002  [http-nio-3000-exec-1] INFO  org.apache.catalina.core.ContainerBase.[Tomcat].[localhost].[/] - Initializing Spring DispatcherServlet 'dispatcherServlet'
15:58:44.004  [http-nio-3000-exec-1] INFO  org.springframework.web.servlet.DispatcherServlet - Initializing Servlet 'dispatcherServlet'
15:58:44.012  [http-nio-3000-exec-1] INFO  org.springframework.web.servlet.DispatcherServlet - Completed initialization in 7 ms
15:58:44.241  [http-nio-3000-exec-1] INFO  com.enchanted.subject.applicaiton.controller.SubjectCategoryController - SubjectCategoryController.add.dto:{"categoryName":"前端","categoryType":1,"parentId":0}
15:58:44.253  [http-nio-3000-exec-1] INFO  com.enchanted.subject.domain.service.impl.SubjectCategoryDomainServiceImpl - SubjectCategoryController.add.bo:{"categoryName":"前端","categoryType":1,"parentId":0}
15:58:44.261  [http-nio-3000-exec-1] INFO  com.enchanted.subject.infra.basic.service.impl.SubjectCategoryServiceImpl - SubjectCategoryController.add.subjectCategory:{"categoryName":"前端","categoryType":1,"parentId":0}
15:59:23.928  [http-nio-3000-exec-3] INFO  com.enchanted.subject.applicaiton.controller.SubjectCategoryController - SubjectCategoryController.add.dto:{"categoryName":"前端","categoryType":1,"imageUrl":"http://image/123","parentId":0}
15:59:23.931  [http-nio-3000-exec-3] INFO  com.enchanted.subject.domain.service.impl.SubjectCategoryDomainServiceImpl - SubjectCategoryController.add.bo:{"categoryName":"前端","categoryType":1,"imageUrl":"http://image/123","parentId":0}
15:59:23.931  [http-nio-3000-exec-3] INFO  com.enchanted.subject.infra.basic.service.impl.SubjectCategoryServiceImpl - SubjectCategoryController.add.subjectCategory:{"categoryName":"前端","categoryType":1,"imageUrl":"http://image/123","parentId":0}
15:59:57.982  [SpringContextShutdownHook] INFO  org.springframework.scheduling.concurrent.ThreadPoolTaskExecutor - Shutting down ExecutorService 'applicationTaskExecutor'
15:59:57.984  [SpringContextShutdownHook] INFO  com.alibaba.druid.pool.DruidDataSource - {dataSource-1} closing ...
15:59:57.997  [SpringContextShutdownHook] INFO  com.alibaba.druid.pool.DruidDataSource - {dataSource-1} closed
16:03:55.008  [main] INFO  com.enchanted.subject.SubjectApplication - Starting SubjectApplication using Java 1.8.0_302 on EnchanteddeMacBook-Pro.local with PID 27392 (/Users/enchanted/Enchanted/CodeRepository/Project/Project-Java/Enchanted-Club/Enchanted-Club/Enchanted-Club-subject/Enchanted-Club-subject-starter/target/classes started by enchanted in /Users/enchanted/Enchanted/CodeRepository/Project/Project-Java/Enchanted-Club/Enchanted-Club)
16:03:55.072  [main] INFO  com.enchanted.subject.SubjectApplication - No active profile set, falling back to default profiles: default
16:03:56.376  [main] INFO  org.springframework.boot.web.embedded.tomcat.TomcatWebServer - Tomcat initialized with port(s): 3000 (http)
16:03:56.385  [main] INFO  org.apache.coyote.http11.Http11NioProtocol - Initializing ProtocolHandler ["http-nio-3000"]
16:03:56.385  [main] INFO  org.apache.catalina.core.StandardService - Starting service [Tomcat]
16:03:56.385  [main] INFO  org.apache.catalina.core.StandardEngine - Starting Servlet engine: [Apache Tomcat/9.0.41]
16:03:56.444  [main] INFO  org.apache.catalina.core.ContainerBase.[Tomcat].[localhost].[/] - Initializing Spring embedded WebApplicationContext
16:03:56.445  [main] INFO  org.springframework.boot.web.servlet.context.ServletWebServerApplicationContext - Root WebApplicationContext: initialization completed in 1306 ms
16:03:56.576  [main] INFO  com.alibaba.druid.spring.boot.autoconfigure.DruidDataSourceAutoConfigure - Init DruidDataSource
16:03:59.647  [main] INFO  com.alibaba.druid.pool.DruidDataSource - {dataSource-1} inited
16:04:00.154  [main] INFO  org.springframework.scheduling.concurrent.ThreadPoolTaskExecutor - Initializing ExecutorService 'applicationTaskExecutor'
16:04:00.423  [main] INFO  org.apache.coyote.http11.Http11NioProtocol - Starting ProtocolHandler ["http-nio-3000"]
16:04:00.446  [main] INFO  org.springframework.boot.web.embedded.tomcat.TomcatWebServer - Tomcat started on port(s): 3000 (http) with context path ''
16:04:00.459  [main] INFO  com.enchanted.subject.SubjectApplication - Started SubjectApplication in 6.073 seconds (JVM running for 7.295)
16:04:01.539  [http-nio-3000-exec-1] INFO  org.apache.catalina.core.ContainerBase.[Tomcat].[localhost].[/] - Initializing Spring DispatcherServlet 'dispatcherServlet'
16:04:01.540  [http-nio-3000-exec-1] INFO  org.springframework.web.servlet.DispatcherServlet - Initializing Servlet 'dispatcherServlet'
16:04:01.544  [http-nio-3000-exec-1] INFO  org.springframework.web.servlet.DispatcherServlet - Completed initialization in 4 ms
16:04:01.685  [http-nio-3000-exec-1] INFO  com.enchanted.subject.applicaiton.controller.SubjectCategoryController - SubjectCategoryController.add.dto:{"categoryName":"前端","categoryType":1,"imageUrl":"http://image/123","parentId":0}
16:04:01.694  [http-nio-3000-exec-1] INFO  com.enchanted.subject.domain.service.impl.SubjectCategoryDomainServiceImpl - SubjectCategoryController.add.bo:{"categoryName":"前端","categoryType":1,"imageUrl":"http://image/123","parentId":0}
16:04:01.701  [http-nio-3000-exec-1] INFO  com.enchanted.subject.infra.basic.service.impl.SubjectCategoryServiceImpl - SubjectCategoryController.add.subjectCategory:{"categoryName":"前端","categoryType":1,"imageUrl":"http://image/123","parentId":0}
16:11:52.103  [SpringContextShutdownHook] INFO  org.springframework.scheduling.concurrent.ThreadPoolTaskExecutor - Shutting down ExecutorService 'applicationTaskExecutor'
16:11:52.107  [SpringContextShutdownHook] INFO  com.alibaba.druid.pool.DruidDataSource - {dataSource-1} closing ...
16:11:52.148  [SpringContextShutdownHook] INFO  com.alibaba.druid.pool.DruidDataSource - {dataSource-1} closed
16:11:59.406  [main] INFO  com.enchanted.subject.SubjectApplication - Starting SubjectApplication using Java 1.8.0_302 on EnchanteddeMacBook-Pro.local with PID 27902 (/Users/enchanted/Enchanted/CodeRepository/Project/Project-Java/Enchanted-Club/Enchanted-Club/Enchanted-Club-subject/Enchanted-Club-subject-starter/target/classes started by enchanted in /Users/enchanted/Enchanted/CodeRepository/Project/Project-Java/Enchanted-Club/Enchanted-Club)
16:11:59.475  [main] INFO  com.enchanted.subject.SubjectApplication - No active profile set, falling back to default profiles: default
16:12:00.765  [main] INFO  org.springframework.boot.web.embedded.tomcat.TomcatWebServer - Tomcat initialized with port(s): 3000 (http)
16:12:00.772  [main] INFO  org.apache.coyote.http11.Http11NioProtocol - Initializing ProtocolHandler ["http-nio-3000"]
16:12:00.772  [main] INFO  org.apache.catalina.core.StandardService - Starting service [Tomcat]
16:12:00.772  [main] INFO  org.apache.catalina.core.StandardEngine - Starting Servlet engine: [Apache Tomcat/9.0.41]
16:12:00.827  [main] INFO  org.apache.catalina.core.ContainerBase.[Tomcat].[localhost].[/] - Initializing Spring embedded WebApplicationContext
16:12:00.828  [main] INFO  org.springframework.boot.web.servlet.context.ServletWebServerApplicationContext - Root WebApplicationContext: initialization completed in 1297 ms
16:12:00.955  [main] INFO  com.alibaba.druid.spring.boot.autoconfigure.DruidDataSourceAutoConfigure - Init DruidDataSource
16:12:03.929  [main] INFO  com.alibaba.druid.pool.DruidDataSource - {dataSource-1} inited
16:12:04.356  [main] INFO  org.springframework.scheduling.concurrent.ThreadPoolTaskExecutor - Initializing ExecutorService 'applicationTaskExecutor'
16:12:04.602  [main] INFO  org.apache.coyote.http11.Http11NioProtocol - Starting ProtocolHandler ["http-nio-3000"]
16:12:04.623  [main] INFO  org.springframework.boot.web.embedded.tomcat.TomcatWebServer - Tomcat started on port(s): 3000 (http) with context path ''
16:12:04.636  [main] INFO  com.enchanted.subject.SubjectApplication - Started SubjectApplication in 5.828 seconds (JVM running for 6.64)
16:12:27.100  [http-nio-3000-exec-1] INFO  org.apache.catalina.core.ContainerBase.[Tomcat].[localhost].[/] - Initializing Spring DispatcherServlet 'dispatcherServlet'
16:12:27.102  [http-nio-3000-exec-1] INFO  org.springframework.web.servlet.DispatcherServlet - Initializing Servlet 'dispatcherServlet'
16:12:27.106  [http-nio-3000-exec-1] INFO  org.springframework.web.servlet.DispatcherServlet - Completed initialization in 4 ms
16:12:27.239  [http-nio-3000-exec-1] INFO  com.enchanted.subject.applicaiton.controller.SubjectCategoryController - SubjectCategoryController.add.dto:{"categoryName":"java","categoryType":1,"imageUrl":"http://image/123","parentId":0}
16:12:27.249  [http-nio-3000-exec-1] INFO  com.enchanted.subject.domain.service.impl.SubjectCategoryDomainServiceImpl - SubjectCategoryController.add.bo:{"categoryName":"java","categoryType":1,"imageUrl":"http://image/123","parentId":0}
16:12:27.258  [http-nio-3000-exec-1] INFO  com.enchanted.subject.infra.basic.service.impl.SubjectCategoryServiceImpl - SubjectCategoryController.add.subjectCategory:{"categoryName":"java","categoryType":1,"imageUrl":"http://image/123","parentId":0}
17:28:17.748  [SpringContextShutdownHook] INFO  org.springframework.scheduling.concurrent.ThreadPoolTaskExecutor - Shutting down ExecutorService 'applicationTaskExecutor'
17:28:17.751  [SpringContextShutdownHook] INFO  com.alibaba.druid.pool.DruidDataSource - {dataSource-1} closing ...
17:28:17.782  [SpringContextShutdownHook] INFO  com.alibaba.druid.pool.DruidDataSource - {dataSource-1} closed
